Arguments: 
  /usr/local/bin/node /usr/local/bin/yarn publish

PATH: 
  /Users/lisheng/.cargo/bin:/usr/local/opt/binutils/bin:/Users/lisheng/.cargo/bin:/usr/local/bin:/usr/bin:/bin:/usr/sbin:/sbin:/usr/local/go/bin:/Users/lisheng/Library/Android/sdk/platform-tools:/bin:/usr/local/go/bin:/Users/lisheng/go/bin:/Users/lisheng/Downloads/apache-maven-3.6.3/bin:/Users/lisheng/mygit/eth/openethereum/target/release:/usr/local/go/bin:/Users/lisheng/go/bin:/Users/lisheng/Downloads/apache-maven-3.6.3/bin:/Users/lisheng/mygit/eth/openethereum/target/release:/Users/lisheng/go/src/github.com/ethereum/go-ethereum/build/bin/###-begin-pm2-completion-###:/Users/lisheng/eosio/2.0/bin

Yarn version: 
  1.22.10

Node version: 
  14.15.1

Platform: 
  darwin x64

Trace: 
  Error: canceled
      at Interface.<anonymous> (/usr/local/lib/node_modules/yarn/lib/cli.js:136216:13)
      at Interface.emit (events.js:315:20)
      at Interface._ttyWrite (readline.js:875:16)
      at ReadStream.onkeypress (readline.js:213:10)
      at ReadStream.emit (events.js:315:20)
      at emitKeys (internal/readline/utils.js:345:14)
      at emitKeys.next (<anonymous>)
      at ReadStream.onData (readline.js:1144:36)
      at ReadStream.emit (events.js:315:20)
      at addChunk (_stream_readable.js:309:12)

npm manifest: 
  {
    "name": "walletpack_roxe",
    "version": "0.0.77",
    "description": "> TODO: description",
    "author": "victorlee2020",
    "homepage": "",
    "license": "ISC",
    "main": "roxe.js",
    "files": [
      "dist",
      "prepare.js"
    ],
    "scripts": {
      "install": "node prepare.js",
      "test": "echo \"Error: run tests from root\" && exit 1"
    },
    "dependencies": {
      "@walletpack/core": "^1.0.51",
      "roxejs": "^1.0.4",
      "roxejs-ecc": "^1.0.0"
    },
    "gitHead": "",
    "publishConfig": {
      "access": "public"
    }
  }

yarn manifest: 
  No manifest

Lockfile: 
  # THIS IS AN AUTOGENERATED FILE. DO NOT EDIT THIS FILE DIRECTLY.
  # yarn lockfile v1
  
  
  "@babel/runtime@7.6.0":
    version "7.6.0"
    resolved "https://registry.npm.taobao.org/@babel/runtime/download/@babel/runtime-7.6.0.tgz?cache=0&sync_timestamp=1604441085826&other_urls=https%3A%2F%2Fregistry.npm.taobao.org%2F%40babel%2Fruntime%2Fdownload%2F%40babel%2Fruntime-7.6.0.tgz#4fc1d642a9fd0299754e8b5de62c631cf5568205"
    integrity sha1-T8HWQqn9Apl1Totd5ixjHPVWggU=
    dependencies:
      regenerator-runtime "^0.13.2"
  
  "@walletpack/core@^1.0.51":
    version "1.0.51"
    resolved "https://registry.npm.taobao.org/@walletpack/core/download/@walletpack/core-1.0.51.tgz#da6bf0975ee887dab0bb7ae7b134fa751dc43ea2"
    integrity sha1-2mvwl17oh9qwu3rnsTT6dR3EPqI=
    dependencies:
      aes-oop "^1.0.4"
      bignumber.js "^9.0.0"
      bip39 "^2.6.0"
      eosjs-ecc "^4.0.4"
      qrcode "^1.4.1"
      scrypt-async "^2.0.1"
  
  aes-oop@^1.0.4:
    version "1.0.4"
    resolved "https://registry.npm.taobao.org/aes-oop/download/aes-oop-1.0.4.tgz#4630d2767e22d670e5e237ba73af12f356a46bde"
    integrity sha1-RjDSdn4i1nDl4je6c68S81aka94=
    dependencies:
      sjcl "^1.0.7"
  
  ansi-regex@^4.1.0:
    version "4.1.0"
    resolved "https://registry.npm.taobao.org/ansi-regex/download/ansi-regex-4.1.0.tgz#8b9f8f08cf1acb843756a839ca8c7e3168c51997"
    integrity sha1-i5+PCM8ay4Q3Vqg5yox+MWjFGZc=
  
  ansi-styles@^3.2.0:
    version "3.2.1"
    resolved "https://registry.npm.taobao.org/ansi-styles/download/ansi-styles-3.2.1.tgz?cache=0&sync_timestamp=1606792255762&other_urls=https%3A%2F%2Fregistry.npm.taobao.org%2Fansi-styles%2Fdownload%2Fansi-styles-3.2.1.tgz#41fbb20243e50b12be0f04b8dedbf07520ce841d"
    integrity sha1-QfuyAkPlCxK+DwS43tvwdSDOhB0=
    dependencies:
      color-convert "^1.9.0"
  
  babel-runtime@6.26.0:
    version "6.26.0"
    resolved "https://registry.npm.taobao.org/babel-runtime/download/babel-runtime-6.26.0.tgz#965c7058668e82b55d7bfe04ff2337bc8b5647fe"
    integrity sha1-llxwWGaOgrVde/4E/yM3vItWR/4=
    dependencies:
      core-js "^2.4.0"
      regenerator-runtime "^0.11.0"
  
  base-x@^3.0.2:
    version "3.0.8"
    resolved "https://registry.npm.taobao.org/base-x/download/base-x-3.0.8.tgz#1e1106c2537f0162e8b52474a557ebb09000018d"
    integrity sha1-HhEGwlN/AWLotSR0pVfrsJAAAY0=
    dependencies:
      safe-buffer "^5.0.1"
  
  base64-js@^1.3.1:
    version "1.5.1"
    resolved "https://registry.npm.taobao.org/base64-js/download/base64-js-1.5.1.tgz#1b1b440160a5bf7ad40b650f095963481903930a"
    integrity sha1-GxtEAWClv3rUC2UPCVljSBkDkwo=
  
  bigi@1.4.2, bigi@^1.1.0:
    version "1.4.2"
    resolved "https://registry.npm.taobao.org/bigi/download/bigi-1.4.2.tgz#9c665a95f88b8b08fc05cfd731f561859d725825"
    integrity sha1-nGZalfiLiwj8Bc/XMfVhhZ1yWCU=
  
  bignumber.js@^9.0.0:
    version "9.0.1"
    resolved "https://registry.npm.taobao.org/bignumber.js/download/bignumber.js-9.0.1.tgz#8d7ba124c882bfd8e43260c67475518d0689e4e5"
    integrity sha1-jXuhJMiCv9jkMmDGdHVRjQaJ5OU=
  
  bip39@^2.6.0:
    version "2.6.0"
    resolved "https://registry.npm.taobao.org/bip39/download/bip39-2.6.0.tgz#9e3a720b42ec8b3fbe4038f1e445317b6a99321c"
    integrity sha1-njpyC0Lsiz++QDjx5EUxe2qZMhw=
    dependencies:
      create-hash "^1.1.0"
      pbkdf2 "^3.0.9"
      randombytes "^2.0.1"
      safe-buffer "^5.0.1"
      unorm "^1.3.3"
  
  browserify-aes@1.0.6:
    version "1.0.6"
    resolved "https://registry.npm.taobao.org/browserify-aes/download/browserify-aes-1.0.6.tgz#5e7725dbdef1fd5930d4ebab48567ce451c48a0a"
    integrity sha1-Xncl297x/Vkw1OurSFZ85FHEigo=
    dependencies:
      buffer-xor "^1.0.2"
      cipher-base "^1.0.0"
      create-hash "^1.1.0"
      evp_bytestokey "^1.0.0"
      inherits "^2.0.1"
  
  bs58@4.0.1:
    version "4.0.1"
    resolved "https://registry.npm.taobao.org/bs58/download/bs58-4.0.1.tgz#be161e76c354f6f788ae4071f63f34e8c4f0a42a"
    integrity sha1-vhYedsNU9veIrkBx9j806MTwpCo=
    dependencies:
      base-x "^3.0.2"
  
  buffer-alloc-unsafe@^1.1.0:
    version "1.1.0"
    resolved "https://registry.npm.taobao.org/buffer-alloc-unsafe/download/buffer-alloc-unsafe-1.1.0.tgz#bd7dc26ae2972d0eda253be061dba992349c19f0"
    integrity sha1-vX3CauKXLQ7aJTvgYdupkjScGfA=
  
  buffer-alloc@^1.2.0:
    version "1.2.0"
    resolved "https://registry.npm.taobao.org/buffer-alloc/download/buffer-alloc-1.2.0.tgz#890dd90d923a873e08e10e5fd51a57e5b7cce0ec"
    integrity sha1-iQ3ZDZI6hz4I4Q5f1RpX5bfM4Ow=
    dependencies:
      buffer-alloc-unsafe "^1.1.0"
      buffer-fill "^1.0.0"
  
  buffer-fill@^1.0.0:
    version "1.0.0"
    resolved "https://registry.npm.taobao.org/buffer-fill/download/buffer-fill-1.0.0.tgz#f8f78b76789888ef39f205cd637f68e702122b2c"
    integrity sha1-+PeLdniYiO858gXNY39o5wISKyw=
  
  buffer-from@^1.1.1:
    version "1.1.1"
    resolved "https://registry.npm.taobao.org/buffer-from/download/buffer-from-1.1.1.tgz#32713bc028f75c02fdb710d7c7bcec1f2c6070ef"
    integrity sha1-MnE7wCj3XAL9txDXx7zsHyxgcO8=
  
  buffer-xor@^1.0.2:
    version "1.0.3"
    resolved "https://registry.npm.taobao.org/buffer-xor/download/buffer-xor-1.0.3.tgz#26e61ed1422fb70dd42e6e36729ed51d855fe8d9"
    integrity sha1-JuYe0UIvtw3ULm42cp7VHYVf6Nk=
  
  buffer@^5.4.3:
    version "5.7.1"
    resolved "https://registry.npm.taobao.org/buffer/download/buffer-5.7.1.tgz?cache=0&sync_timestamp=1606098175437&other_urls=https%3A%2F%2Fregistry.npm.taobao.org%2Fbuffer%2Fdownload%2Fbuffer-5.7.1.tgz#ba62e7c13133053582197160851a8f648e99eed0"
    integrity sha1-umLnwTEzBTWCGXFghRqPZI6Z7tA=
    dependencies:
      base64-js "^1.3.1"
      ieee754 "^1.1.13"
  
  bytebuffer@5.0.1:
    version "5.0.1"
    resolved "https://registry.npm.taobao.org/bytebuffer/download/bytebuffer-5.0.1.tgz#582eea4b1a873b6d020a48d58df85f0bba6cfddd"
    integrity sha1-WC7qSxqHO20CCkjVjfhfC7ps/d0=
    dependencies:
      long "~3"
  
  camelcase@^5.0.0:
    version "5.3.1"
    resolved "https://registry.npm.taobao.org/camelcase/download/camelcase-5.3.1.tgz#e3c9b31569e106811df242f715725a1f4c494320"
    integrity sha1-48mzFWnhBoEd8kL3FXJaH0xJQyA=
  
  cipher-base@^1.0.0, cipher-base@^1.0.1, cipher-base@^1.0.3:
    version "1.0.4"
    resolved "https://registry.npm.taobao.org/cipher-base/download/cipher-base-1.0.4.tgz#8760e4ecc272f4c363532f926d874aae2c1397de"
    integrity sha1-h2Dk7MJy9MNjUy+SbYdKriwTl94=
    dependencies:
      inherits "^2.0.1"
      safe-buffer "^5.0.1"
  
  cliui@^5.0.0:
    version "5.0.0"
    resolved "https://registry.npm.taobao.org/cliui/download/cliui-5.0.0.tgz?cache=0&sync_timestamp=1604880017635&other_urls=https%3A%2F%2Fregistry.npm.taobao.org%2Fcliui%2Fdownload%2Fcliui-5.0.0.tgz#deefcfdb2e800784aa34f46fa08e06851c7bbbc5"
    integrity sha1-3u/P2y6AB4SqNPRvoI4GhRx7u8U=
    dependencies:
      string-width "^3.1.0"
      strip-ansi "^5.2.0"
      wrap-ansi "^5.1.0"
  
  color-convert@^1.9.0:
    version "1.9.3"
    resolved "https://registry.npm.taobao.org/color-convert/download/color-convert-1.9.3.tgz#bb71850690e1f136567de629d2d5471deda4c1e8"
    integrity sha1-u3GFBpDh8TZWfeYp0tVHHe2kweg=
    dependencies:
      color-name "1.1.3"
  
  color-name@1.1.3:
    version "1.1.3"
    resolved "https://registry.npm.taobao.org/color-name/download/color-name-1.1.3.tgz#a7d0558bd89c42f795dd42328f740831ca53bc25"
    integrity sha1-p9BVi9icQveV3UIyj3QIMcpTvCU=
  
  core-js@^2.4.0:
    version "2.6.12"
    resolved "https://registry.npm.taobao.org/core-js/download/core-js-2.6.12.tgz?cache=0&sync_timestamp=1607216048810&other_urls=https%3A%2F%2Fregistry.npm.taobao.org%2Fcore-js%2Fdownload%2Fcore-js-2.6.12.tgz#d9333dfa7b065e347cc5682219d6f690859cc2ec"
    integrity sha1-2TM9+nsGXjR8xWgiGdb2kIWcwuw=
  
  create-hash@1.1.3:
    version "1.1.3"
    resolved "https://registry.npm.taobao.org/create-hash/download/create-hash-1.1.3.tgz#606042ac8b9262750f483caddab0f5819172d8fd"
    integrity sha1-YGBCrIuSYnUPSDyt2rD1gZFy2P0=
    dependencies:
      cipher-base "^1.0.1"
      inherits "^2.0.1"
      ripemd160 "^2.0.0"
      sha.js "^2.4.0"
  
  create-hash@^1.1.0, create-hash@^1.1.2:
    version "1.2.0"
    resolved "https://registry.npm.taobao.org/create-hash/download/create-hash-1.2.0.tgz#889078af11a63756bcfb59bd221996be3a9ef196"
    integrity sha1-iJB4rxGmN1a8+1m9IhmWvjqe8ZY=
    dependencies:
      cipher-base "^1.0.1"
      inherits "^2.0.1"
      md5.js "^1.3.4"
      ripemd160 "^2.0.1"
      sha.js "^2.4.0"
  
  create-hmac@1.1.6:
    version "1.1.6"
    resolved "https://registry.npm.taobao.org/create-hmac/download/create-hmac-1.1.6.tgz#acb9e221a4e17bdb076e90657c42b93e3726cf06"
    integrity sha1-rLniIaThe9sHbpBlfEK5PjcmzwY=
    dependencies:
      cipher-base "^1.0.3"
      create-hash "^1.1.0"
      inherits "^2.0.1"
      ripemd160 "^2.0.0"
      safe-buffer "^5.0.1"
      sha.js "^2.4.8"
  
  create-hmac@^1.1.4:
    version "1.1.7"
    resolved "https://registry.npm.taobao.org/create-hmac/download/create-hmac-1.1.7.tgz#69170c78b3ab957147b2b8b04572e47ead2243ff"
    integrity sha1-aRcMeLOrlXFHsriwRXLkfq0iQ/8=
    dependencies:
      cipher-base "^1.0.3"
      create-hash "^1.1.0"
      inherits "^2.0.1"
      ripemd160 "^2.0.0"
      safe-buffer "^5.0.1"
      sha.js "^2.4.8"
  
  decamelize@^1.2.0:
    version "1.2.0"
    resolved "https://registry.npm.taobao.org/decamelize/download/decamelize-1.2.0.tgz#f6534d15148269b20352e7bee26f501f9a191290"
    integrity sha1-9lNNFRSCabIDUue+4m9QH5oZEpA=
  
  dijkstrajs@^1.0.1:
    version "1.0.1"
    resolved "https://registry.npm.taobao.org/dijkstrajs/download/dijkstrajs-1.0.1.tgz#d3cd81221e3ea40742cfcde556d4e99e98ddc71b"
    integrity sha1-082BIh4+pAdCz83lVtTpnpjdxxs=
  
  ecurve@1.0.5:
    version "1.0.5"
    resolved "https://registry.npm.taobao.org/ecurve/download/ecurve-1.0.5.tgz#d148e8fe50a674f983bb5bae09da0ea23e10535e"
    integrity sha1-0Ujo/lCmdPmDu1uuCdoOoj4QU14=
    dependencies:
      bigi "^1.1.0"
  
  emoji-regex@^7.0.1:
    version "7.0.3"
    resolved "https://registry.npm.taobao.org/emoji-regex/download/emoji-regex-7.0.3.tgz#933a04052860c85e83c122479c4748a8e4c72156"
    integrity sha1-kzoEBShgyF6DwSJHnEdIqOTHIVY=
  
  eosjs-ecc@^4.0.4:
    version "4.0.7"
    resolved "https://registry.npm.taobao.org/eosjs-ecc/download/eosjs-ecc-4.0.7.tgz#f5246da3b84839fcc237204768ef6e5ea56cc814"
    integrity sha1-9SRto7hIOfzCNyBHaO9uXqVsyBQ=
    dependencies:
      "@babel/runtime" "7.6.0"
      bigi "1.4.2"
      browserify-aes "1.0.6"
      bs58 "4.0.1"
      bytebuffer "5.0.1"
      create-hash "1.1.3"
      create-hmac "1.1.6"
      ecurve "1.0.5"
      randombytes "2.0.5"
  
  evp_bytestokey@^1.0.0:
    version "1.0.3"
    resolved "https://registry.npm.taobao.org/evp_bytestokey/download/evp_bytestokey-1.0.3.tgz#7fcbdb198dc71959432efe13842684e0525acb02"
    integrity sha1-f8vbGY3HGVlDLv4ThCaE4FJaywI=
    dependencies:
      md5.js "^1.3.4"
      safe-buffer "^5.1.1"
  
  find-up@^3.0.0:
    version "3.0.0"
    resolved "https://registry.npm.taobao.org/find-up/download/find-up-3.0.0.tgz?cache=0&sync_timestamp=1601812398150&other_urls=https%3A%2F%2Fregistry.npm.taobao.org%2Ffind-up%2Fdownload%2Ffind-up-3.0.0.tgz#49169f1d7993430646da61ecc5ae355c21c97b73"
    integrity sha1-SRafHXmTQwZG2mHsxa41XCHJe3M=
    dependencies:
      locate-path "^3.0.0"
  
  get-caller-file@^2.0.1:
    version "2.0.5"
    resolved "https://registry.npm.taobao.org/get-caller-file/download/get-caller-file-2.0.5.tgz#4f94412a82db32f36e3b0b9741f8a97feb031f7e"
    integrity sha1-T5RBKoLbMvNuOwuXQfipf+sDH34=
  
  hash-base@^3.0.0:
    version "3.1.0"
    resolved "https://registry.npm.taobao.org/hash-base/download/hash-base-3.1.0.tgz#55c381d9e06e1d2997a883b4a3fddfe7f0d3af33"
    integrity sha1-VcOB2eBuHSmXqIO0o/3f5/DTrzM=
    dependencies:
      inherits "^2.0.4"
      readable-stream "^3.6.0"
      safe-buffer "^5.2.0"
  
  ieee754@^1.1.13:
    version "1.2.1"
    resolved "https://registry.npm.taobao.org/ieee754/download/ieee754-1.2.1.tgz?cache=0&sync_timestamp=1603838570069&other_urls=https%3A%2F%2Fregistry.npm.taobao.org%2Fieee754%2Fdownload%2Fieee754-1.2.1.tgz#8eb7a10a63fff25d15a57b001586d177d1b0d352"
    integrity sha1-jrehCmP/8l0VpXsAFYbRd9Gw01I=
  
  inherits@^2.0.1, inherits@^2.0.3, inherits@^2.0.4:
    version "2.0.4"
    resolved "https://registry.npm.taobao.org/inherits/download/inherits-2.0.4.tgz#0fa2c64f932917c3433a0ded55363aae37416b7c"
    integrity sha1-D6LGT5MpF8NDOg3tVTY6rjdBa3w=
  
  is-fullwidth-code-point@^2.0.0:
    version "2.0.0"
    resolved "https://registry.npm.taobao.org/is-fullwidth-code-point/download/is-fullwidth-code-point-2.0.0.tgz#a3b30a5c4f199183167aaab93beefae3ddfb654f"
    integrity sha1-o7MKXE8ZkYMWeqq5O+764937ZU8=
  
  isarray@^2.0.1:
    version "2.0.5"
    resolved "https://registry.npm.taobao.org/isarray/download/isarray-2.0.5.tgz#8af1e4c1221244cc62459faf38940d4e644a5723"
    integrity sha1-ivHkwSISRMxiRZ+vOJQNTmRKVyM=
  
  locate-path@^3.0.0:
    version "3.0.0"
    resolved "https://registry.npm.taobao.org/locate-path/download/locate-path-3.0.0.tgz?cache=0&sync_timestamp=1597081904643&other_urls=https%3A%2F%2Fregistry.npm.taobao.org%2Flocate-path%2Fdownload%2Flocate-path-3.0.0.tgz#dbec3b3ab759758071b58fe59fc41871af21400e"
    integrity sha1-2+w7OrdZdYBxtY/ln8QYca8hQA4=
    dependencies:
      p-locate "^3.0.0"
      path-exists "^3.0.0"
  
  long@~3:
    version "3.2.0"
    resolved "https://registry.npm.taobao.org/long/download/long-3.2.0.tgz#d821b7138ca1cb581c172990ef14db200b5c474b"
    integrity sha1-2CG3E4yhy1gcFymQ7xTbIAtcR0s=
  
  md5.js@^1.3.4:
    version "1.3.5"
    resolved "https://registry.npm.taobao.org/md5.js/download/md5.js-1.3.5.tgz#b5d07b8e3216e3e27cd728d72f70d1e6a342005f"
    integrity sha1-tdB7jjIW4+J81yjXL3DR5qNCAF8=
    dependencies:
      hash-base "^3.0.0"
      inherits "^2.0.1"
      safe-buffer "^5.1.2"
  
  p-limit@^2.0.0:
    version "2.3.0"
    resolved "https://registry.npm.taobao.org/p-limit/download/p-limit-2.3.0.tgz?cache=0&sync_timestamp=1606288333421&other_urls=https%3A%2F%2Fregistry.npm.taobao.org%2Fp-limit%2Fdownload%2Fp-limit-2.3.0.tgz#3dd33c647a214fdfffd835933eb086da0dc21db1"
    integrity sha1-PdM8ZHohT9//2DWTPrCG2g3CHbE=
    dependencies:
      p-try "^2.0.0"
  
  p-locate@^3.0.0:
    version "3.0.0"
    resolved "https://registry.npm.taobao.org/p-locate/download/p-locate-3.0.0.tgz?cache=0&sync_timestamp=1597081785924&other_urls=https%3A%2F%2Fregistry.npm.taobao.org%2Fp-locate%2Fdownload%2Fp-locate-3.0.0.tgz#322d69a05c0264b25997d9f40cd8a891ab0064a4"
    integrity sha1-Mi1poFwCZLJZl9n0DNiokasAZKQ=
    dependencies:
      p-limit "^2.0.0"
  
  p-try@^2.0.0:
    version "2.2.0"
    resolved "https://registry.npm.taobao.org/p-try/download/p-try-2.2.0.tgz#cb2868540e313d61de58fafbe35ce9004d5540e6"
    integrity sha1-yyhoVA4xPWHeWPr741zpAE1VQOY=
  
  path-exists@^3.0.0:
    version "3.0.0"
    resolved "https://registry.npm.taobao.org/path-exists/download/path-exists-3.0.0.tgz#ce0ebeaa5f78cb18925ea7d810d7b59b010fd515"
    integrity sha1-zg6+ql94yxiSXqfYENe1mwEP1RU=
  
  pbkdf2@^3.0.9:
    version "3.1.1"
    resolved "https://registry.npm.taobao.org/pbkdf2/download/pbkdf2-3.1.1.tgz#cb8724b0fada984596856d1a6ebafd3584654b94"
    integrity sha1-y4cksPramEWWhW0abrr9NYRlS5Q=
    dependencies:
      create-hash "^1.1.2"
      create-hmac "^1.1.4"
      ripemd160 "^2.0.1"
      safe-buffer "^5.0.1"
      sha.js "^2.4.8"
  
  pngjs@^3.3.0:
    version "3.4.0"
    resolved "https://registry.npm.taobao.org/pngjs/download/pngjs-3.4.0.tgz?cache=0&sync_timestamp=1603548657875&other_urls=https%3A%2F%2Fregistry.npm.taobao.org%2Fpngjs%2Fdownload%2Fpngjs-3.4.0.tgz#99ca7d725965fb655814eaf65f38f12bbdbf555f"
    integrity sha1-mcp9clll+2VYFOr2XzjxK72/VV8=
  
  qrcode@^1.4.1:
    version "1.4.4"
    resolved "https://registry.npm.taobao.org/qrcode/download/qrcode-1.4.4.tgz#f0c43568a7e7510a55efc3b88d9602f71963ea83"
    integrity sha1-8MQ1aKfnUQpV78O4jZYC9xlj6oM=
    dependencies:
      buffer "^5.4.3"
      buffer-alloc "^1.2.0"
      buffer-from "^1.1.1"
      dijkstrajs "^1.0.1"
      isarray "^2.0.1"
      pngjs "^3.3.0"
      yargs "^13.2.4"
  
  randombytes@2.0.5:
    version "2.0.5"
    resolved "https://registry.npm.taobao.org/randombytes/download/randombytes-2.0.5.tgz#dc009a246b8d09a177b4b7a0ae77bc570f4b1b79"
    integrity sha1-3ACaJGuNCaF3tLegrne8Vw9LG3k=
    dependencies:
      safe-buffer "^5.1.0"
  
  randombytes@^2.0.1:
    version "2.1.0"
    resolved "https://registry.npm.taobao.org/randombytes/download/randombytes-2.1.0.tgz#df6f84372f0270dc65cdf6291349ab7a473d4f2a"
    integrity sha1-32+ENy8CcNxlzfYpE0mrekc9Tyo=
    dependencies:
      safe-buffer "^5.1.0"
  
  readable-stream@^3.6.0:
    version "3.6.0"
    resolved "https://registry.npm.taobao.org/readable-stream/download/readable-stream-3.6.0.tgz#337bbda3adc0706bd3e024426a286d4b4b2c9198"
    integrity sha1-M3u9o63AcGvT4CRCaihtS0sskZg=
    dependencies:
      inherits "^2.0.3"
      string_decoder "^1.1.1"
      util-deprecate "^1.0.1"
  
  regenerator-runtime@^0.11.0:
    version "0.11.1"
    resolved "https://registry.npm.taobao.org/regenerator-runtime/download/regenerator-runtime-0.11.1.tgz?cache=0&sync_timestamp=1595456117883&other_urls=https%3A%2F%2Fregistry.npm.taobao.org%2Fregenerator-runtime%2Fdownload%2Fregenerator-runtime-0.11.1.tgz#be05ad7f9bf7d22e056f9726cee5017fbf19e2e9"
    integrity sha1-vgWtf5v30i4Fb5cmzuUBf78Z4uk=
  
  regenerator-runtime@^0.13.2:
    version "0.13.7"
    resolved "https://registry.npm.taobao.org/regenerator-runtime/download/regenerator-runtime-0.13.7.tgz?cache=0&sync_timestamp=1595456117883&other_urls=https%3A%2F%2Fregistry.npm.taobao.org%2Fregenerator-runtime%2Fdownload%2Fregenerator-runtime-0.13.7.tgz#cac2dacc8a1ea675feaabaeb8ae833898ae46f55"
    integrity sha1-ysLazIoepnX+qrrriugziYrkb1U=
  
  require-directory@^2.1.1:
    version "2.1.1"
    resolved "https://registry.npm.taobao.org/require-directory/download/require-directory-2.1.1.tgz#8c64ad5fd30dab1c976e2344ffe7f792a6a6df42"
    integrity sha1-jGStX9MNqxyXbiNE/+f3kqam30I=
  
  require-main-filename@^2.0.0:
    version "2.0.0"
    resolved "https://registry.npm.taobao.org/require-main-filename/download/require-main-filename-2.0.0.tgz#d0b329ecc7cc0f61649f62215be69af54aa8989b"
    integrity sha1-0LMp7MfMD2Fkn2IhW+aa9UqomJs=
  
  ripemd160@^2.0.0, ripemd160@^2.0.1:
    version "2.0.2"
    resolved "https://registry.npm.taobao.org/ripemd160/download/ripemd160-2.0.2.tgz#a1c1a6f624751577ba5d07914cbc92850585890c"
    integrity sha1-ocGm9iR1FXe6XQeRTLyShQWFiQw=
    dependencies:
      hash-base "^3.0.0"
      inherits "^2.0.1"
  
  roxejs-ecc@1.0.0, roxejs-ecc@^1.0.0:
    version "1.0.0"
    resolved "https://registry.npm.taobao.org/roxejs-ecc/download/roxejs-ecc-1.0.0.tgz#1c0e19d537ad1c924781b4b0972a94b32f556020"
    integrity sha1-HA4Z1TetHJJHgbSwlyqUsy9VYCA=
    dependencies:
      "@babel/runtime" "7.6.0"
      bigi "1.4.2"
      browserify-aes "1.0.6"
      bs58 "4.0.1"
      bytebuffer "5.0.1"
      create-hash "1.1.3"
      create-hmac "1.1.6"
      ecurve "1.0.5"
      randombytes "2.0.5"
  
  roxejs@^1.0.4:
    version "1.0.4"
    resolved "https://registry.npm.taobao.org/roxejs/download/roxejs-1.0.4.tgz#e12f73ef18703c00edd9a161109549a6108baec5"
    integrity sha1-4S9z7xhwPADt2aFhEJVJphCLrsU=
    dependencies:
      babel-runtime "6.26.0"
      roxejs-ecc "1.0.0"
      text-encoding "0.7.0"
  
  safe-buffer@^5.0.1, safe-buffer@^5.1.0, safe-buffer@^5.1.1, safe-buffer@^5.1.2, safe-buffer@^5.2.0, safe-buffer@~5.2.0:
    version "5.2.1"
    resolved "https://registry.npm.taobao.org/safe-buffer/download/safe-buffer-5.2.1.tgz#1eaf9fa9bdb1fdd4ec75f58f9cdb4e6b7827eec6"
    integrity sha1-Hq+fqb2x/dTsdfWPnNtOa3gn7sY=
  
  scrypt-async@^2.0.1:
    version "2.0.1"
    resolved "https://registry.npm.taobao.org/scrypt-async/download/scrypt-async-2.0.1.tgz#4318dae48a8b7cc3b8fe05f75f4164a7d973d25d"
    integrity sha1-Qxja5IqLfMO4/gX3X0Fkp9lz0l0=
  
  set-blocking@^2.0.0:
    version "2.0.0"
    resolved "https://registry.npm.taobao.org/set-blocking/download/set-blocking-2.0.0.tgz#045f9782d011ae9a6803ddd382b24392b3d890f7"
    integrity sha1-BF+XgtARrppoA93TgrJDkrPYkPc=
  
  sha.js@^2.4.0, sha.js@^2.4.8:
    version "2.4.11"
    resolved "https://registry.npm.taobao.org/sha.js/download/sha.js-2.4.11.tgz#37a5cf0b81ecbc6943de109ba2960d1b26584ae7"
    integrity sha1-N6XPC4HsvGlD3hCbopYNGyZYSuc=
    dependencies:
      inherits "^2.0.1"
      safe-buffer "^5.0.1"
  
  sjcl@^1.0.7:
    version "1.0.8"
    resolved "https://registry.npm.taobao.org/sjcl/download/sjcl-1.0.8.tgz#f2ec8d7dc1f0f21b069b8914a41a8f236b0e252a"
    integrity sha1-8uyNfcHw8hsGm4kUpBqPI2sOJSo=
  
  string-width@^3.0.0, string-width@^3.1.0:
    version "3.1.0"
    resolved "https://registry.npm.taobao.org/string-width/download/string-width-3.1.0.tgz#22767be21b62af1081574306f69ac51b62203961"
    integrity sha1-InZ74htirxCBV0MG9prFG2IgOWE=
    dependencies:
      emoji-regex "^7.0.1"
      is-fullwidth-code-point "^2.0.0"
      strip-ansi "^5.1.0"
  
  string_decoder@^1.1.1:
    version "1.3.0"
    resolved "https://registry.npm.taobao.org/string_decoder/download/string_decoder-1.3.0.tgz#42f114594a46cf1a8e30b0a84f56c78c3edac21e"
    integrity sha1-QvEUWUpGzxqOMLCoT1bHjD7awh4=
    dependencies:
      safe-buffer "~5.2.0"
  
  strip-ansi@^5.0.0, strip-ansi@^5.1.0, strip-ansi@^5.2.0:
    version "5.2.0"
    resolved "https://registry.npm.taobao.org/strip-ansi/download/strip-ansi-5.2.0.tgz?cache=0&sync_timestamp=1596697387823&other_urls=https%3A%2F%2Fregistry.npm.taobao.org%2Fstrip-ansi%2Fdownload%2Fstrip-ansi-5.2.0.tgz#8c9a536feb6afc962bdfa5b104a5091c1ad9c0ae"
    integrity sha1-jJpTb+tq/JYr36WxBKUJHBrZwK4=
    dependencies:
      ansi-regex "^4.1.0"
  
  text-encoding@0.7.0:
    version "0.7.0"
    resolved "https://registry.npm.taobao.org/text-encoding/download/text-encoding-0.7.0.tgz#f895e836e45990624086601798ea98e8f36ee643"
    integrity sha1-+JXoNuRZkGJAhmAXmOqY6PNu5kM=
  
  unorm@^1.3.3:
    version "1.6.0"
    resolved "https://registry.npm.taobao.org/unorm/download/unorm-1.6.0.tgz#029b289661fba714f1a9af439eb51d9b16c205af"
    integrity sha1-ApsolmH7pxTxqa9DnrUdmxbCBa8=
  
  util-deprecate@^1.0.1:
    version "1.0.2"
    resolved "https://registry.npm.taobao.org/util-deprecate/download/util-deprecate-1.0.2.tgz#450d4dc9fa70de732762fbd2d4a28981419a0ccf"
    integrity sha1-RQ1Nyfpw3nMnYvvS1KKJgUGaDM8=
  
  which-module@^2.0.0:
    version "2.0.0"
    resolved "https://registry.npm.taobao.org/which-module/download/which-module-2.0.0.tgz#d9ef07dce77b9902b8a3a8fa4b31c3e3f7e6e87a"
    integrity sha1-2e8H3Od7mQK4o6j6SzHD4/fm6Ho=
  
  wrap-ansi@^5.1.0:
    version "5.1.0"
    resolved "https://registry.npm.taobao.org/wrap-ansi/download/wrap-ansi-5.1.0.tgz#1fd1f67235d5b6d0fee781056001bfb694c03b09"
    integrity sha1-H9H2cjXVttD+54EFYAG/tpTAOwk=
    dependencies:
      ansi-styles "^3.2.0"
      string-width "^3.0.0"
      strip-ansi "^5.0.0"
  
  y18n@^4.0.0:
    version "4.0.1"
    resolved "https://registry.npm.taobao.org/y18n/download/y18n-4.0.1.tgz?cache=0&sync_timestamp=1606777983708&other_urls=https%3A%2F%2Fregistry.npm.taobao.org%2Fy18n%2Fdownload%2Fy18n-4.0.1.tgz#8db2b83c31c5d75099bb890b23f3094891e247d4"
    integrity sha1-jbK4PDHF11CZu4kLI/MJSJHiR9Q=
  
  yargs-parser@^13.1.2:
    version "13.1.2"
    resolved "https://registry.npm.taobao.org/yargs-parser/download/yargs-parser-13.1.2.tgz?cache=0&sync_timestamp=1604886709178&other_urls=https%3A%2F%2Fregistry.npm.taobao.org%2Fyargs-parser%2Fdownload%2Fyargs-parser-13.1.2.tgz#130f09702ebaeef2650d54ce6e3e5706f7a4fb38"
    integrity sha1-Ew8JcC667vJlDVTObj5XBvek+zg=
    dependencies:
      camelcase "^5.0.0"
      decamelize "^1.2.0"
  
  yargs@^13.2.4:
    version "13.3.2"
    resolved "https://registry.npm.taobao.org/yargs/download/yargs-13.3.2.tgz?cache=0&sync_timestamp=1607208154489&other_urls=https%3A%2F%2Fregistry.npm.taobao.org%2Fyargs%2Fdownload%2Fyargs-13.3.2.tgz#ad7ffefec1aa59565ac915f82dccb38a9c31a2dd"
    integrity sha1-rX/+/sGqWVZayRX4Lcyzipwxot0=
    dependencies:
      cliui "^5.0.0"
      find-up "^3.0.0"
      get-caller-file "^2.0.1"
      require-directory "^2.1.1"
      require-main-filename "^2.0.0"
      set-blocking "^2.0.0"
      string-width "^3.0.0"
      which-module "^2.0.0"
      y18n "^4.0.0"
      yargs-parser "^13.1.2"
